c:\users\user\documents\github\uniprojects\cos3008_datastructures\finalproject\finalproject\x64\debug\vc143.pdb
c:\users\user\documents\github\uniprojects\cos3008_datastructures\finalproject\finalproject\x64\debug\vc143.idb
c:\users\user\documents\github\uniprojects\cos3008_datastructures\finalproject\finalproject\x64\debug\weapon.obj
c:\users\user\documents\github\uniprojects\cos3008_datastructures\finalproject\finalproject\x64\debug\tool.obj
c:\users\user\documents\github\uniprojects\cos3008_datastructures\finalproject\finalproject\x64\debug\tile.obj
c:\users\user\documents\github\uniprojects\cos3008_datastructures\finalproject\finalproject\x64\debug\player.obj
c:\users\user\documents\github\uniprojects\cos3008_datastructures\finalproject\finalproject\x64\debug\map.obj
c:\users\user\documents\github\uniprojects\cos3008_datastructures\finalproject\finalproject\x64\debug\main.obj
c:\users\user\documents\github\uniprojects\cos3008_datastructures\finalproject\finalproject\x64\debug\item.obj
c:\users\user\documents\github\uniprojects\cos3008_datastructures\finalproject\finalproject\x64\debug\environ.obj
c:\users\user\documents\github\uniprojects\cos3008_datastructures\finalproject\finalproject\x64\debug\enemy.obj
c:\users\user\documents\github\uniprojects\cos3008_datastructures\finalproject\finalproject\x64\debug\character.obj
c:\users\user\documents\github\uniprojects\cos3008_datastructures\finalproject\finalproject\x64\debug\backpack.obj
c:\users\user\documents\github\uniprojects\cos3008_datastructures\finalproject\finalproject\x64\debug\actiontree.obj
c:\users\user\documents\github\uniprojects\cos3008_datastructures\finalproject\x64\debug\finalproject.exe
c:\users\user\documents\github\uniprojects\cos3008_datastructures\finalproject\finalproject\x64\debug\finalproject.ilk
c:\users\user\documents\github\uniprojects\cos3008_datastructures\finalproject\x64\debug\finalproject.pdb
c:\users\user\documents\github\uniprojects\cos3008_datastructures\finalproject\finalproject\x64\debug\item.obj.enc
c:\users\user\documents\github\uniprojects\cos3008_datastructures\finalproject\finalproject\x64\debug\finalproject.tlog\cl.command.1.tlog
c:\users\user\documents\github\uniprojects\cos3008_datastructures\finalproject\finalproject\x64\debug\finalproject.tlog\cl.items.tlog
c:\users\user\documents\github\uniprojects\cos3008_datastructures\finalproject\finalproject\x64\debug\finalproject.tlog\cl.read.1.tlog
c:\users\user\documents\github\uniprojects\cos3008_datastructures\finalproject\finalproject\x64\debug\finalproject.tlog\cl.write.1.tlog
c:\users\user\documents\github\uniprojects\cos3008_datastructures\finalproject\finalproject\x64\debug\finalproject.tlog\link.command.1.tlog
c:\users\user\documents\github\uniprojects\cos3008_datastructures\finalproject\finalproject\x64\debug\finalproject.tlog\link.read.1.tlog
c:\users\user\documents\github\uniprojects\cos3008_datastructures\finalproject\finalproject\x64\debug\finalproject.tlog\link.write.1.tlog
